c:\users\student\documents\visual studio 2015\projects\c++3dtutorial002\debug\vc140.pdb
c:\users\student\documents\visual studio 2015\projects\c++3dtutorial002\debug\vc140.idb
c:\users\student\documents\visual studio 2015\projects\c++3dtutorial002\debug\application.obj
c:\users\student\documents\visual studio 2015\projects\c++3dtutorial002\debug\billboard.obj
c:\users\student\documents\visual studio 2015\projects\c++3dtutorial002\debug\camera.obj
c:\users\student\documents\visual studio 2015\projects\c++3dtutorial002\debug\debugproc.obj
c:\users\student\documents\visual studio 2015\projects\c++3dtutorial002\debug\game.obj
c:\users\student\documents\visual studio 2015\projects\c++3dtutorial002\debug\input.obj
c:\users\student\documents\visual studio 2015\projects\c++3dtutorial002\debug\light.obj
c:\users\student\documents\visual studio 2015\projects\c++3dtutorial002\debug\main.obj
c:\users\student\documents\visual studio 2015\projects\c++3dtutorial002\debug\matrix.obj
c:\users\student\documents\visual studio 2015\projects\c++3dtutorial002\debug\meshfield.obj
c:\users\student\documents\visual studio 2015\projects\c++3dtutorial002\debug\mode.obj
c:\users\student\documents\visual studio 2015\projects\c++3dtutorial002\debug\object.obj
c:\users\student\documents\visual studio 2015\projects\c++3dtutorial002\debug\object2d.obj
c:\users\student\documents\visual studio 2015\projects\c++3dtutorial002\debug\object3d.obj
c:\users\student\documents\visual studio 2015\projects\c++3dtutorial002\debug\objectx.obj
c:\users\student\documents\visual studio 2015\projects\c++3dtutorial002\debug\player.obj
c:\users\student\documents\visual studio 2015\projects\c++3dtutorial002\debug\renderer.obj
c:\users\student\documents\visual studio 2015\projects\c++3dtutorial002\debug\sound.obj
c:\users\student\documents\visual studio 2015\projects\c++3dtutorial002\debug\texture.obj
c:\users\student\documents\visual studio 2015\projects\c++3dtutorial002\debug\shadow.obj
c:\users\student\documents\visual studio 2015\projects\c++3dtutorial002\c++3dtutorial002.ilk
c:\users\student\documents\visual studio 2015\projects\c++3dtutorial002\c++3dtutorial002.exe
c:\users\student\documents\visual studio 2015\projects\c++3dtutorial002\c++3dtutorial002.pdb
c:\users\student\documents\visual studio 2015\projects\c++3dtutorial002\debug\c++3dtutorial002.tlog\cl.command.1.tlog
c:\users\student\documents\visual studio 2015\projects\c++3dtutorial002\debug\c++3dtutorial002.tlog\cl.read.1.tlog
c:\users\student\documents\visual studio 2015\projects\c++3dtutorial002\debug\c++3dtutorial002.tlog\cl.write.1.tlog
c:\users\student\documents\visual studio 2015\projects\c++3dtutorial002\debug\c++3dtutorial002.tlog\link.command.1.tlog
c:\users\student\documents\visual studio 2015\projects\c++3dtutorial002\debug\c++3dtutorial002.tlog\link.read.1.tlog
c:\users\student\documents\visual studio 2015\projects\c++3dtutorial002\debug\c++3dtutorial002.tlog\link.write.1.tlog
