  application.cpp
  billboard.cpp
  camera.cpp
  debugproc.cpp
  game.cpp
  input.cpp
  light.cpp
  main.cpp
  matrix.cpp
  meshfield.cpp
  mode.cpp
  object.cpp
  object2D.cpp
  object3D.cpp
  objectX.cpp
  player.cpp
  renderer.cpp
  sound.cpp
  texture.cpp
  コード生成しています。
  All 216 functions were compiled because no usable IPDB/IOBJ from previous compilation was found.
  コード生成が終了しました。
  C++3DTutorial002.vcxproj -> c:\users\student\documents\visual studio 2015\Projects\C++3DTutorial002\C++3DTutorial002.exe
  C++3DTutorial002.vcxproj -> c:\users\student\documents\visual studio 2015\Projects\C++3DTutorial002\C++3DTutorial002.pdb (Full PDB)
